{"level":60,"time":1741980630409,"pid":15980,"hostname":"YaminsComputer","error":"404","url":"/assets/dashboard/fonts/google_icon/google_icons.css"}
{"level":60,"time":1741980630427,"pid":15980,"hostname":"YaminsComputer","error":"404","url":"/assets/dashboard_uni/style.css"}
{"level":60,"time":1741980630432,"pid":15980,"hostname":"YaminsComputer","error":"404","url":"/assets/dashboard_uni/responsive.css"}
{"level":60,"time":1741980630444,"pid":15980,"hostname":"YaminsComputer","error":"404","url":"/assets/dashboard_uni/custom.css"}
{"level":60,"time":1741980630449,"pid":15980,"hostname":"YaminsComputer","error":"404","url":"/assets/dashboard_uni/fontawesome.css"}
{"level":60,"time":1741980630475,"pid":15980,"hostname":"YaminsComputer","error":"404","url":"/assets/dashboard_uni/icofont.css"}
{"level":60,"time":1741980630487,"pid":15980,"hostname":"YaminsComputer","error":"404","url":"/assets/dashboard/styles/style.css"}
{"level":60,"time":1741980630494,"pid":15980,"hostname":"YaminsComputer","error":"404","url":"/assets/dashboard_uni/themify.css"}
{"level":60,"time":1741980630498,"pid":15980,"hostname":"YaminsComputer","error":"404","url":"/assets/dashboard_uni/flag-icon.css"}
{"level":60,"time":1741980630506,"pid":15980,"hostname":"YaminsComputer","error":"404","url":"/assets/dashboard_uni/bootstrap.css"}
{"level":60,"time":1741980630511,"pid":15980,"hostname":"YaminsComputer","error":"404","url":"/assets/dashboard_uni/jquery-3.2.1.min.js"}
{"level":60,"time":1741980630516,"pid":15980,"hostname":"YaminsComputer","error":"404","url":"/assets/dashboard_uni/enToBangla.js"}
{"level":60,"time":1741980630523,"pid":15980,"hostname":"YaminsComputer","error":"404","url":"/assets/dashboard_uni/bootstrap.bundle.min.js"}
{"level":60,"time":1741980630527,"pid":15980,"hostname":"YaminsComputer","error":"404","url":"/assets/dashboard/js/plugins/sweetalert.js"}
{"level":60,"time":1741980630541,"pid":15980,"hostname":"YaminsComputer","error":"404","url":"/assets/dashboard_uni/sidebar-menu.js"}
{"level":60,"time":1741980630546,"pid":15980,"hostname":"YaminsComputer","error":"404","url":"/assets/dashboard_uni/script.js"}
{"level":60,"time":1741980630624,"pid":15980,"hostname":"YaminsComputer","error":"404","url":"/assets/dashboard_uni/browser.png"}
{"level":60,"time":1741980630645,"pid":15980,"hostname":"YaminsComputer","error":"404","url":"/assets/dashboard_uni/user.png"}
{"level":60,"time":1741980630655,"pid":15980,"hostname":"YaminsComputer","error":"404","url":"/assets/dashboard_uni/1.jpg"}
{"level":60,"time":1741980635150,"pid":15980,"hostname":"YaminsComputer","error":"404","url":"/assets/dashboard/fonts/google_icon/google_icons.css"}
{"level":60,"time":1741980635172,"pid":15980,"hostname":"YaminsComputer","error":"404","url":"/assets/dashboard/js/plugins/sweetalert.js"}
{"level":60,"time":1741980635177,"pid":15980,"hostname":"YaminsComputer","error":"404","url":"/assets/dashboard/styles/style.css"}
{"level":60,"time":1741980635182,"pid":15980,"hostname":"YaminsComputer","error":"404","url":"/assets/dashboard_uni/fontawesome.css"}
{"level":60,"time":1741980635189,"pid":15980,"hostname":"YaminsComputer","error":"404","url":"/assets/dashboard_uni/icofont.css"}
{"level":60,"time":1741980635200,"pid":15980,"hostname":"YaminsComputer","error":"404","url":"/assets/dashboard_uni/themify.css"}
{"level":60,"time":1741980635209,"pid":15980,"hostname":"YaminsComputer","error":"404","url":"/assets/dashboard_uni/flag-icon.css"}
{"level":60,"time":1741980635217,"pid":15980,"hostname":"YaminsComputer","error":"404","url":"/assets/dashboard_uni/bootstrap.css"}
{"level":60,"time":1741980635225,"pid":15980,"hostname":"YaminsComputer","error":"404","url":"/assets/dashboard_uni/style.css"}
{"level":60,"time":1741980635229,"pid":15980,"hostname":"YaminsComputer","error":"404","url":"/assets/dashboard_uni/responsive.css"}
{"level":60,"time":1741980635232,"pid":15980,"hostname":"YaminsComputer","error":"404","url":"/assets/dashboard_uni/custom.css"}
{"level":60,"time":1741980635243,"pid":15980,"hostname":"YaminsComputer","error":"404","url":"/assets/dashboard_uni/jquery-3.2.1.min.js"}
{"level":60,"time":1741980635247,"pid":15980,"hostname":"YaminsComputer","error":"404","url":"/assets/dashboard_uni/enToBangla.js"}
{"level":60,"time":1741980635257,"pid":15980,"hostname":"YaminsComputer","error":"404","url":"/assets/dashboard_uni/bootstrap.bundle.min.js"}
{"level":60,"time":1741980635267,"pid":15980,"hostname":"YaminsComputer","error":"404","url":"/assets/dashboard_uni/sidebar-menu.js"}
{"level":60,"time":1741980635273,"pid":15980,"hostname":"YaminsComputer","error":"404","url":"/assets/dashboard_uni/script.js"}
{"level":60,"time":1741980635327,"pid":15980,"hostname":"YaminsComputer","error":"404","url":"/assets/dashboard_uni/browser.png"}
{"level":60,"time":1741980635340,"pid":15980,"hostname":"YaminsComputer","error":"404","url":"/assets/dashboard_uni/user.png"}
{"level":60,"time":1741980635349,"pid":15980,"hostname":"YaminsComputer","error":"404","url":"/assets/dashboard_uni/1.jpg"}
{"level":60,"time":1741980635784,"pid":15980,"hostname":"YaminsComputer","error":"404","url":"/assets/dashboard_uni/themify.css"}
{"level":60,"time":1741980635789,"pid":15980,"hostname":"YaminsComputer","error":"404","url":"/assets/dashboard/fonts/google_icon/google_icons.css"}
{"level":60,"time":1741980635798,"pid":15980,"hostname":"YaminsComputer","error":"404","url":"/assets/dashboard/styles/style.css"}
{"level":60,"time":1741980635793,"pid":15980,"hostname":"YaminsComputer","error":"404","url":"/assets/dashboard/js/plugins/sweetalert.js"}
{"level":60,"time":1741980635804,"pid":15980,"hostname":"YaminsComputer","error":"404","url":"/assets/dashboard_uni/fontawesome.css"}
{"level":60,"time":1741980635809,"pid":15980,"hostname":"YaminsComputer","error":"404","url":"/assets/dashboard_uni/icofont.css"}
{"level":60,"time":1741980635824,"pid":15980,"hostname":"YaminsComputer","error":"404","url":"/assets/dashboard_uni/flag-icon.css"}
{"level":60,"time":1741980635827,"pid":15980,"hostname":"YaminsComputer","error":"404","url":"/assets/dashboard_uni/bootstrap.css"}
{"level":60,"time":1741980635832,"pid":15980,"hostname":"YaminsComputer","error":"404","url":"/assets/dashboard_uni/style.css"}
{"level":60,"time":1741980635837,"pid":15980,"hostname":"YaminsComputer","error":"404","url":"/assets/dashboard_uni/responsive.css"}
{"level":60,"time":1741980635842,"pid":15980,"hostname":"YaminsComputer","error":"404","url":"/assets/dashboard_uni/custom.css"}
{"level":60,"time":1741980635849,"pid":15980,"hostname":"YaminsComputer","error":"404","url":"/assets/dashboard_uni/jquery-3.2.1.min.js"}
{"level":60,"time":1741980635856,"pid":15980,"hostname":"YaminsComputer","error":"404","url":"/assets/dashboard_uni/enToBangla.js"}
{"level":60,"time":1741980635861,"pid":15980,"hostname":"YaminsComputer","error":"404","url":"/assets/dashboard_uni/bootstrap.bundle.min.js"}
{"level":60,"time":1741980635876,"pid":15980,"hostname":"YaminsComputer","error":"404","url":"/assets/dashboard_uni/sidebar-menu.js"}
{"level":60,"time":1741980635880,"pid":15980,"hostname":"YaminsComputer","error":"404","url":"/assets/dashboard_uni/script.js"}
{"level":60,"time":1741980635908,"pid":15980,"hostname":"YaminsComputer","error":"404","url":"/assets/dashboard_uni/browser.png"}
{"level":60,"time":1741980635916,"pid":15980,"hostname":"YaminsComputer","error":"404","url":"/assets/dashboard_uni/user.png"}
{"level":60,"time":1741980635926,"pid":15980,"hostname":"YaminsComputer","error":"404","url":"/assets/dashboard_uni/1.jpg"}
{"level":60,"time":1741980636246,"pid":15980,"hostname":"YaminsComputer","error":"404","url":"/assets/dashboard/fonts/google_icon/google_icons.css"}
{"level":60,"time":1741980636253,"pid":15980,"hostname":"YaminsComputer","error":"404","url":"/assets/dashboard/js/plugins/sweetalert.js"}
{"level":60,"time":1741980636262,"pid":15980,"hostname":"YaminsComputer","error":"404","url":"/assets/dashboard/styles/style.css"}
{"level":60,"time":1741980636273,"pid":15980,"hostname":"YaminsComputer","error":"404","url":"/assets/dashboard_uni/fontawesome.css"}
{"level":60,"time":1741980636276,"pid":15980,"hostname":"YaminsComputer","error":"404","url":"/assets/dashboard_uni/icofont.css"}
{"level":60,"time":1741980636281,"pid":15980,"hostname":"YaminsComputer","error":"404","url":"/assets/dashboard_uni/themify.css"}
{"level":60,"time":1741980636297,"pid":15980,"hostname":"YaminsComputer","error":"404","url":"/assets/dashboard_uni/flag-icon.css"}
{"level":60,"time":1741980636304,"pid":15980,"hostname":"YaminsComputer","error":"404","url":"/assets/dashboard_uni/bootstrap.css"}
{"level":60,"time":1741980636309,"pid":15980,"hostname":"YaminsComputer","error":"404","url":"/assets/dashboard_uni/style.css"}
{"level":60,"time":1741980636312,"pid":15980,"hostname":"YaminsComputer","error":"404","url":"/assets/dashboard_uni/responsive.css"}
{"level":60,"time":1741980636316,"pid":15980,"hostname":"YaminsComputer","error":"404","url":"/assets/dashboard_uni/custom.css"}
{"level":60,"time":1741980636324,"pid":15980,"hostname":"YaminsComputer","error":"404","url":"/assets/dashboard_uni/jquery-3.2.1.min.js"}
{"level":60,"time":1741980636328,"pid":15980,"hostname":"YaminsComputer","error":"404","url":"/assets/dashboard_uni/enToBangla.js"}
{"level":60,"time":1741980636331,"pid":15980,"hostname":"YaminsComputer","error":"404","url":"/assets/dashboard_uni/bootstrap.bundle.min.js"}
{"level":60,"time":1741980636345,"pid":15980,"hostname":"YaminsComputer","error":"404","url":"/assets/dashboard_uni/sidebar-menu.js"}
{"level":60,"time":1741980636349,"pid":15980,"hostname":"YaminsComputer","error":"404","url":"/assets/dashboard_uni/script.js"}
{"level":60,"time":1741980636375,"pid":15980,"hostname":"YaminsComputer","error":"404","url":"/assets/dashboard_uni/browser.png"}
{"level":60,"time":1741980636383,"pid":15980,"hostname":"YaminsComputer","error":"404","url":"/assets/dashboard_uni/user.png"}
{"level":60,"time":1741980636405,"pid":15980,"hostname":"YaminsComputer","error":"404","url":"/assets/dashboard_uni/1.jpg"}
{"level":60,"time":1741980636592,"pid":15980,"hostname":"YaminsComputer","error":"404","url":"/assets/dashboard/fonts/google_icon/google_icons.css"}
{"level":60,"time":1741980636609,"pid":15980,"hostname":"YaminsComputer","error":"404","url":"/assets/dashboard/js/plugins/sweetalert.js"}
{"level":60,"time":1741980636612,"pid":15980,"hostname":"YaminsComputer","error":"404","url":"/assets/dashboard/styles/style.css"}
{"level":60,"time":1741980636615,"pid":15980,"hostname":"YaminsComputer","error":"404","url":"/assets/dashboard_uni/fontawesome.css"}
{"level":60,"time":1741980636619,"pid":15980,"hostname":"YaminsComputer","error":"404","url":"/assets/dashboard_uni/icofont.css"}
{"level":60,"time":1741980636625,"pid":15980,"hostname":"YaminsComputer","error":"404","url":"/assets/dashboard_uni/themify.css"}
{"level":60,"time":1741980636636,"pid":15980,"hostname":"YaminsComputer","error":"404","url":"/assets/dashboard_uni/flag-icon.css"}
{"level":60,"time":1741980636642,"pid":15980,"hostname":"YaminsComputer","error":"404","url":"/assets/dashboard_uni/bootstrap.css"}
{"level":60,"time":1741980636647,"pid":15980,"hostname":"YaminsComputer","error":"404","url":"/assets/dashboard_uni/style.css"}
{"level":60,"time":1741980636651,"pid":15980,"hostname":"YaminsComputer","error":"404","url":"/assets/dashboard_uni/responsive.css"}
{"level":60,"time":1741980636664,"pid":15980,"hostname":"YaminsComputer","error":"404","url":"/assets/dashboard_uni/custom.css"}
{"level":60,"time":1741980636676,"pid":15980,"hostname":"YaminsComputer","error":"404","url":"/assets/dashboard_uni/jquery-3.2.1.min.js"}
{"level":60,"time":1741980636680,"pid":15980,"hostname":"YaminsComputer","error":"404","url":"/assets/dashboard_uni/enToBangla.js"}
{"level":60,"time":1741980636683,"pid":15980,"hostname":"YaminsComputer","error":"404","url":"/assets/dashboard_uni/bootstrap.bundle.min.js"}
{"level":60,"time":1741980636698,"pid":15980,"hostname":"YaminsComputer","error":"404","url":"/assets/dashboard_uni/sidebar-menu.js"}
{"level":60,"time":1741980636714,"pid":15980,"hostname":"YaminsComputer","error":"404","url":"/assets/dashboard_uni/script.js"}
{"level":60,"time":1741980636758,"pid":15980,"hostname":"YaminsComputer","error":"404","url":"/assets/dashboard_uni/browser.png"}
{"level":60,"time":1741980636797,"pid":15980,"hostname":"YaminsComputer","error":"404","url":"/assets/dashboard_uni/user.png"}
{"level":60,"time":1741980636815,"pid":15980,"hostname":"YaminsComputer","error":"404","url":"/assets/dashboard_uni/1.jpg"}
{"level":60,"time":1741980636931,"pid":15980,"hostname":"YaminsComputer","error":"404","url":"/assets/dashboard/fonts/google_icon/google_icons.css"}
{"level":60,"time":1741980636940,"pid":15980,"hostname":"YaminsComputer","error":"404","url":"/assets/dashboard/js/plugins/sweetalert.js"}
{"level":60,"time":1741980636946,"pid":15980,"hostname":"YaminsComputer","error":"404","url":"/assets/dashboard/styles/style.css"}
{"level":60,"time":1741980636951,"pid":15980,"hostname":"YaminsComputer","error":"404","url":"/assets/dashboard_uni/fontawesome.css"}
{"level":60,"time":1741980636959,"pid":15980,"hostname":"YaminsComputer","error":"404","url":"/assets/dashboard_uni/icofont.css"}
{"level":60,"time":1741980636963,"pid":15980,"hostname":"YaminsComputer","error":"404","url":"/assets/dashboard_uni/themify.css"}
{"level":60,"time":1741980636967,"pid":15980,"hostname":"YaminsComputer","error":"404","url":"/assets/dashboard_uni/flag-icon.css"}
{"level":60,"time":1741980636976,"pid":15980,"hostname":"YaminsComputer","error":"404","url":"/assets/dashboard_uni/bootstrap.css"}
{"level":60,"time":1741980636989,"pid":15980,"hostname":"YaminsComputer","error":"404","url":"/assets/dashboard_uni/responsive.css"}
{"level":60,"time":1741980636981,"pid":15980,"hostname":"YaminsComputer","error":"404","url":"/assets/dashboard_uni/style.css"}
{"level":60,"time":1741980636998,"pid":15980,"hostname":"YaminsComputer","error":"404","url":"/assets/dashboard_uni/custom.css"}
{"level":60,"time":1741980637004,"pid":15980,"hostname":"YaminsComputer","error":"404","url":"/assets/dashboard_uni/jquery-3.2.1.min.js"}
{"level":60,"time":1741980637010,"pid":15980,"hostname":"YaminsComputer","error":"404","url":"/assets/dashboard_uni/enToBangla.js"}
{"level":60,"time":1741980637017,"pid":15980,"hostname":"YaminsComputer","error":"404","url":"/assets/dashboard_uni/bootstrap.bundle.min.js"}
{"level":60,"time":1741980637030,"pid":15980,"hostname":"YaminsComputer","error":"404","url":"/assets/dashboard_uni/sidebar-menu.js"}
{"level":60,"time":1741980637040,"pid":15980,"hostname":"YaminsComputer","error":"404","url":"/assets/dashboard_uni/script.js"}
{"level":60,"time":1741980637063,"pid":15980,"hostname":"YaminsComputer","error":"404","url":"/assets/dashboard_uni/browser.png"}
{"level":60,"time":1741980637076,"pid":15980,"hostname":"YaminsComputer","error":"404","url":"/assets/dashboard_uni/user.png"}
{"level":60,"time":1741980637070,"pid":15980,"hostname":"YaminsComputer","error":"404","url":"/assets/dashboard_uni/1.jpg"}
{"level":60,"time":1741980679780,"pid":15980,"hostname":"YaminsComputer","error":"404","url":"/assets/dashboard/fonts/google_icon/google_icons.css"}
{"level":60,"time":1741980679786,"pid":15980,"hostname":"YaminsComputer","error":"404","url":"/assets/dashboard/js/plugins/sweetalert.js"}
{"level":60,"time":1741980679796,"pid":15980,"hostname":"YaminsComputer","error":"404","url":"/assets/dashboard_uni/icofont.css"}
{"level":60,"time":1741980679800,"pid":15980,"hostname":"YaminsComputer","error":"404","url":"/assets/dashboard_uni/themify.css"}
{"level":60,"time":1741980679809,"pid":15980,"hostname":"YaminsComputer","error":"404","url":"/assets/dashboard_uni/fontawesome.css"}
{"level":60,"time":1741980679819,"pid":15980,"hostname":"YaminsComputer","error":"404","url":"/assets/dashboard/styles/style.css"}
{"level":60,"time":1741980679826,"pid":15980,"hostname":"YaminsComputer","error":"404","url":"/assets/dashboard_uni/flag-icon.css"}
{"level":60,"time":1741980679840,"pid":15980,"hostname":"YaminsComputer","error":"404","url":"/assets/dashboard_uni/bootstrap.css"}
{"level":60,"time":1741980679845,"pid":15980,"hostname":"YaminsComputer","error":"404","url":"/assets/dashboard_uni/style.css"}
{"level":60,"time":1741980679854,"pid":15980,"hostname":"YaminsComputer","error":"404","url":"/assets/dashboard_uni/responsive.css"}
{"level":60,"time":1741980679862,"pid":15980,"hostname":"YaminsComputer","error":"404","url":"/assets/dashboard_uni/custom.css"}
{"level":60,"time":1741980679872,"pid":15980,"hostname":"YaminsComputer","error":"404","url":"/assets/dashboard_uni/jquery-3.2.1.min.js"}
{"level":60,"time":1741980679878,"pid":15980,"hostname":"YaminsComputer","error":"404","url":"/assets/dashboard_uni/enToBangla.js"}
{"level":60,"time":1741980679881,"pid":15980,"hostname":"YaminsComputer","error":"404","url":"/assets/dashboard_uni/bootstrap.bundle.min.js"}
{"level":60,"time":1741980679908,"pid":15980,"hostname":"YaminsComputer","error":"404","url":"/assets/dashboard_uni/script.js"}
{"level":60,"time":1741980679899,"pid":15980,"hostname":"YaminsComputer","error":"404","url":"/assets/dashboard_uni/sidebar-menu.js"}
{"level":60,"time":1741980679947,"pid":15980,"hostname":"YaminsComputer","error":"404","url":"/assets/dashboard_uni/browser.png"}
{"level":60,"time":1741980679955,"pid":15980,"hostname":"YaminsComputer","error":"404","url":"/assets/dashboard_uni/user.png"}
{"level":60,"time":1741980679962,"pid":15980,"hostname":"YaminsComputer","error":"404","url":"/assets/dashboard_uni/1.jpg"}
{"level":60,"time":1741980691198,"pid":15980,"hostname":"YaminsComputer","error":"404","url":"/assets/dashboard_uni/browser.png"}
{"level":60,"time":1741980691202,"pid":15980,"hostname":"YaminsComputer","error":"404","url":"/assets/dashboard_uni/user.png"}
{"level":60,"time":1741980691211,"pid":15980,"hostname":"YaminsComputer","error":"404","url":"/assets/dashboard_uni/1.jpg"}
{"level":60,"time":1741980695103,"pid":15980,"hostname":"YaminsComputer","error":"404","url":"/assets/dashboard_uni/browser.png"}
{"level":60,"time":1741980695107,"pid":15980,"hostname":"YaminsComputer","error":"404","url":"/assets/dashboard_uni/user.png"}
{"level":60,"time":1741980695112,"pid":15980,"hostname":"YaminsComputer","error":"404","url":"/assets/dashboard_uni/1.jpg"}
{"level":60,"time":1742054265767,"pid":8828,"hostname":"YaminsComputer","error":"404","url":"/"}
{"level":60,"time":1742054281588,"pid":8828,"hostname":"YaminsComputer","error":"404","url":"/"}
{"level":60,"time":1742054327955,"pid":15340,"hostname":"YaminsComputer","error":"404","url":"/assets/dashboard_uni/style.css"}
{"level":60,"time":1742054327968,"pid":15340,"hostname":"YaminsComputer","error":"404","url":"/assets/dashboard/fonts/google_icon/google_icons.css"}
{"level":60,"time":1742054327978,"pid":15340,"hostname":"YaminsComputer","error":"404","url":"/assets/dashboard/styles/style.css"}
{"level":60,"time":1742054327988,"pid":15340,"hostname":"YaminsComputer","error":"404","url":"/assets/dashboard_uni/fontawesome.css"}
{"level":60,"time":1742054328020,"pid":15340,"hostname":"YaminsComputer","error":"404","url":"/assets/dashboard_uni/icofont.css"}
{"level":60,"time":1742054328008,"pid":15340,"hostname":"YaminsComputer","error":"404","url":"/assets/dashboard_uni/flag-icon.css"}
{"level":60,"time":1742054328024,"pid":15340,"hostname":"YaminsComputer","error":"404","url":"/assets/dashboard_uni/themify.css"}
{"level":60,"time":1742054328036,"pid":15340,"hostname":"YaminsComputer","error":"404","url":"/assets/dashboard_uni/bootstrap.css"}
{"level":60,"time":1742054328040,"pid":15340,"hostname":"YaminsComputer","error":"404","url":"/assets/dashboard_uni/responsive.css"}
{"level":60,"time":1742054328050,"pid":15340,"hostname":"YaminsComputer","error":"404","url":"/assets/dashboard_uni/custom.css"}
{"level":60,"time":1742054328056,"pid":15340,"hostname":"YaminsComputer","error":"404","url":"/assets/dashboard/js/plugins/sweetalert.js"}
{"level":60,"time":1742054328059,"pid":15340,"hostname":"YaminsComputer","error":"404","url":"/assets/dashboard_uni/jquery-3.2.1.min.js"}
{"level":60,"time":1742054328069,"pid":15340,"hostname":"YaminsComputer","error":"404","url":"/assets/dashboard_uni/enToBangla.js"}
{"level":60,"time":1742054328077,"pid":15340,"hostname":"YaminsComputer","error":"404","url":"/assets/dashboard_uni/bootstrap.bundle.min.js"}
{"level":60,"time":1742054328099,"pid":15340,"hostname":"YaminsComputer","error":"404","url":"/assets/dashboard_uni/sidebar-menu.js"}
{"level":60,"time":1742054328110,"pid":15340,"hostname":"YaminsComputer","error":"404","url":"/assets/dashboard_uni/script.js"}
{"level":60,"time":1742054328184,"pid":15340,"hostname":"YaminsComputer","error":"404","url":"/assets/dashboard_uni/browser.png"}
{"level":60,"time":1742054328189,"pid":15340,"hostname":"YaminsComputer","error":"404","url":"/assets/dashboard_uni/user.png"}
{"level":60,"time":1742054328197,"pid":15340,"hostname":"YaminsComputer","error":"404","url":"/assets/dashboard_uni/1.jpg"}
